[2022-04-26 21:37:02,715] WARN Session 0x1006dba060a0000 for sever localhost/0:0:0:0:0:0:0:1:2181, Closing socket connection. Attempting reconnect except it is a SessionExpiredException. (org.apache.zookeeper.ClientCnxn)
EndOfStreamException: Unable to read additional data from server sessionid 0x1006dba060a0000, likely server has closed socket
	at org.apache.zookeeper.ClientCnxnSocketNIO.doIO(ClientCnxnSocketNIO.java:77)
	at org.apache.zookeeper.ClientCnxnSocketNIO.doTransport(ClientCnxnSocketNIO.java:350)
	at org.apache.zookeeper.ClientCnxn$SendThread.run(ClientCnxn.java:1290)
[2022-04-26 21:37:04,887] INFO Opening socket connection to server localhost/0:0:0:0:0:0:0:1:2181. (org.apache.zookeeper.ClientCnxn)
[2022-04-26 21:37:04,888] INFO SASL config status: Will not attempt to authenticate using SASL (unknown error) (org.apache.zookeeper.ClientCnxn)
[2022-04-26 21:37:04,908] WARN Session 0x1006dba060a0000 for sever localhost/0:0:0:0:0:0:0:1:2181, Closing socket connection. Attempting reconnect except it is a SessionExpiredException. (org.apache.zookeeper.ClientCnxn)
java.net.ConnectException: Connection refused
	at sun.nio.ch.SocketChannelImpl.checkConnect(Native Method)
	at sun.nio.ch.SocketChannelImpl.finishConnect(SocketChannelImpl.java:715)
	at org.apache.zookeeper.ClientCnxnSocketNIO.doTransport(ClientCnxnSocketNIO.java:344)
	at org.apache.zookeeper.ClientCnxn$SendThread.run(ClientCnxn.java:1290)
[2022-04-26 21:37:06,142] INFO Opening socket connection to server localhost/0:0:0:0:0:0:0:1:2181. (org.apache.zookeeper.ClientCnxn)
[2022-04-26 21:37:06,143] INFO SASL config status: Will not attempt to authenticate using SASL (unknown error) (org.apache.zookeeper.ClientCnxn)
[2022-04-26 21:37:06,152] WARN Session 0x1006dba060a0000 for sever localhost/0:0:0:0:0:0:0:1:2181, Closing socket connection. Attempting reconnect except it is a SessionExpiredException. (org.apache.zookeeper.ClientCnxn)
java.net.ConnectException: Connection refused
	at sun.nio.ch.SocketChannelImpl.checkConnect(Native Method)
	at sun.nio.ch.SocketChannelImpl.finishConnect(SocketChannelImpl.java:715)
	at org.apache.zookeeper.ClientCnxnSocketNIO.doTransport(ClientCnxnSocketNIO.java:344)
	at org.apache.zookeeper.ClientCnxn$SendThread.run(ClientCnxn.java:1290)
[2022-04-26 21:37:07,255] INFO Terminating process due to signal SIGHUP (org.apache.kafka.common.utils.LoggingSignalHandler)
[2022-04-26 21:37:07,303] INFO [KafkaServer id=0] shutting down (kafka.server.KafkaServer)
[2022-04-26 21:37:07,333] INFO [KafkaServer id=0] Starting controlled shutdown (kafka.server.KafkaServer)
[2022-04-26 21:37:07,469] INFO [KafkaServer id=0] Controlled shutdown request returned successfully after 89ms (kafka.server.KafkaServer)
[2022-04-26 21:37:07,494] INFO [/config/changes-event-process-thread]: Shutting down (kafka.common.ZkNodeChangeNotificationListener$ChangeEventProcessThread)
[2022-04-26 21:37:07,497] INFO [/config/changes-event-process-thread]: Shutdown completed (kafka.common.ZkNodeChangeNotificationListener$ChangeEventProcessThread)
[2022-04-26 21:37:07,497] INFO [/config/changes-event-process-thread]: Stopped (kafka.common.ZkNodeChangeNotificationListener$ChangeEventProcessThread)
[2022-04-26 21:37:07,498] INFO [SocketServer listenerType=ZK_BROKER, nodeId=0] Stopping socket server request processors (kafka.network.SocketServer)
[2022-04-26 21:37:07,505] INFO Opening socket connection to server localhost/0:0:0:0:0:0:0:1:2181. (org.apache.zookeeper.ClientCnxn)
[2022-04-26 21:37:07,510] INFO SASL config status: Will not attempt to authenticate using SASL (unknown error) (org.apache.zookeeper.ClientCnxn)
[2022-04-26 21:37:07,518] WARN Session 0x1006dba060a0000 for sever localhost/0:0:0:0:0:0:0:1:2181, Closing socket connection. Attempting reconnect except it is a SessionExpiredException. (org.apache.zookeeper.ClientCnxn)
java.net.ConnectException: Connection refused
	at sun.nio.ch.SocketChannelImpl.checkConnect(Native Method)
	at sun.nio.ch.SocketChannelImpl.finishConnect(SocketChannelImpl.java:715)
	at org.apache.zookeeper.ClientCnxnSocketNIO.doTransport(ClientCnxnSocketNIO.java:344)
	at org.apache.zookeeper.ClientCnxn$SendThread.run(ClientCnxn.java:1290)
[2022-04-26 21:37:07,532] INFO [SocketServer listenerType=ZK_BROKER, nodeId=0] Stopped socket server request processors (kafka.network.SocketServer)
[2022-04-26 21:37:07,539] INFO [data-plane Kafka Request Handler on Broker 0], shutting down (kafka.server.KafkaRequestHandlerPool)
[2022-04-26 21:37:07,545] INFO [data-plane Kafka Request Handler on Broker 0], shut down completely (kafka.server.KafkaRequestHandlerPool)
[2022-04-26 21:37:07,560] INFO [ExpirationReaper-0-AlterAcls]: Shutting down (kafka.server.DelayedOperationPurgatory$ExpiredOperationReaper)
[2022-04-26 21:37:07,721] INFO [ExpirationReaper-0-AlterAcls]: Stopped (kafka.server.DelayedOperationPurgatory$ExpiredOperationReaper)
[2022-04-26 21:37:07,721] INFO [ExpirationReaper-0-AlterAcls]: Shutdown completed (kafka.server.DelayedOperationPurgatory$ExpiredOperationReaper)
[2022-04-26 21:37:07,724] INFO [KafkaApi-0] Shutdown complete. (kafka.server.KafkaApis)
[2022-04-26 21:37:07,727] INFO [ExpirationReaper-0-topic]: Shutting down (kafka.server.DelayedOperationPurgatory$ExpiredOperationReaper)
[2022-04-26 21:37:07,763] INFO [ExpirationReaper-0-topic]: Stopped (kafka.server.DelayedOperationPurgatory$ExpiredOperationReaper)
[2022-04-26 21:37:07,763] INFO [ExpirationReaper-0-topic]: Shutdown completed (kafka.server.DelayedOperationPurgatory$ExpiredOperationReaper)
[2022-04-26 21:37:07,769] INFO [TransactionCoordinator id=0] Shutting down. (kafka.coordinator.transaction.TransactionCoordinator)
[2022-04-26 21:37:07,775] INFO [Transaction State Manager 0]: Shutdown complete (kafka.coordinator.transaction.TransactionStateManager)
[2022-04-26 21:37:07,775] INFO [Transaction Marker Channel Manager 0]: Shutting down (kafka.coordinator.transaction.TransactionMarkerChannelManager)
[2022-04-26 21:37:07,784] INFO [Transaction Marker Channel Manager 0]: Shutdown completed (kafka.coordinator.transaction.TransactionMarkerChannelManager)
[2022-04-26 21:37:07,784] INFO [Transaction Marker Channel Manager 0]: Stopped (kafka.coordinator.transaction.TransactionMarkerChannelManager)
[2022-04-26 21:37:07,788] INFO [TransactionCoordinator id=0] Shutdown complete. (kafka.coordinator.transaction.TransactionCoordinator)
[2022-04-26 21:37:07,789] INFO [GroupCoordinator 0]: Shutting down. (kafka.coordinator.group.GroupCoordinator)
[2022-04-26 21:37:07,793] INFO [ExpirationReaper-0-Heartbeat]: Shutting down (kafka.server.DelayedOperationPurgatory$ExpiredOperationReaper)
[2022-04-26 21:37:07,883] INFO [ExpirationReaper-0-Heartbeat]: Stopped (kafka.server.DelayedOperationPurgatory$ExpiredOperationReaper)
[2022-04-26 21:37:07,883] INFO [ExpirationReaper-0-Heartbeat]: Shutdown completed (kafka.server.DelayedOperationPurgatory$ExpiredOperationReaper)
[2022-04-26 21:37:07,885] INFO [ExpirationReaper-0-Rebalance]: Shutting down (kafka.server.DelayedOperationPurgatory$ExpiredOperationReaper)
[2022-04-26 21:37:08,043] INFO [ExpirationReaper-0-Rebalance]: Stopped (kafka.server.DelayedOperationPurgatory$ExpiredOperationReaper)
[2022-04-26 21:37:08,043] INFO [ExpirationReaper-0-Rebalance]: Shutdown completed (kafka.server.DelayedOperationPurgatory$ExpiredOperationReaper)
[2022-04-26 21:37:08,047] INFO [GroupCoordinator 0]: Shutdown complete. (kafka.coordinator.group.GroupCoordinator)
[2022-04-26 21:37:08,050] INFO [ReplicaManager broker=0] Shutting down (kafka.server.ReplicaManager)
[2022-04-26 21:37:08,051] INFO [LogDirFailureHandler]: Shutting down (kafka.server.ReplicaManager$LogDirFailureHandler)
[2022-04-26 21:37:08,055] INFO [LogDirFailureHandler]: Shutdown completed (kafka.server.ReplicaManager$LogDirFailureHandler)
[2022-04-26 21:37:08,055] INFO [LogDirFailureHandler]: Stopped (kafka.server.ReplicaManager$LogDirFailureHandler)
[2022-04-26 21:37:08,056] INFO [ReplicaFetcherManager on broker 0] shutting down (kafka.server.ReplicaFetcherManager)
[2022-04-26 21:37:08,059] INFO [ReplicaFetcherManager on broker 0] shutdown completed (kafka.server.ReplicaFetcherManager)
[2022-04-26 21:37:08,059] INFO [ReplicaAlterLogDirsManager on broker 0] shutting down (kafka.server.ReplicaAlterLogDirsManager)
[2022-04-26 21:37:08,060] INFO [ReplicaAlterLogDirsManager on broker 0] shutdown completed (kafka.server.ReplicaAlterLogDirsManager)
[2022-04-26 21:37:08,060] INFO [ExpirationReaper-0-Fetch]: Shutting down (kafka.server.DelayedOperationPurgatory$ExpiredOperationReaper)
[2022-04-26 21:37:08,161] INFO [ExpirationReaper-0-Fetch]: Stopped (kafka.server.DelayedOperationPurgatory$ExpiredOperationReaper)
[2022-04-26 21:37:08,161] INFO [ExpirationReaper-0-Fetch]: Shutdown completed (kafka.server.DelayedOperationPurgatory$ExpiredOperationReaper)
[2022-04-26 21:37:08,164] INFO [ExpirationReaper-0-Produce]: Shutting down (kafka.server.DelayedOperationPurgatory$ExpiredOperationReaper)
[2022-04-26 21:37:08,249] INFO [ExpirationReaper-0-Produce]: Stopped (kafka.server.DelayedOperationPurgatory$ExpiredOperationReaper)
[2022-04-26 21:37:08,249] INFO [ExpirationReaper-0-Produce]: Shutdown completed (kafka.server.DelayedOperationPurgatory$ExpiredOperationReaper)
[2022-04-26 21:37:08,253] INFO [ExpirationReaper-0-DeleteRecords]: Shutting down (kafka.server.DelayedOperationPurgatory$ExpiredOperationReaper)
[2022-04-26 21:37:08,353] INFO [ExpirationReaper-0-DeleteRecords]: Shutdown completed (kafka.server.DelayedOperationPurgatory$ExpiredOperationReaper)
[2022-04-26 21:37:08,353] INFO [ExpirationReaper-0-DeleteRecords]: Stopped (kafka.server.DelayedOperationPurgatory$ExpiredOperationReaper)
[2022-04-26 21:37:08,355] INFO [ExpirationReaper-0-ElectLeader]: Shutting down (kafka.server.DelayedOperationPurgatory$ExpiredOperationReaper)
[2022-04-26 21:37:08,454] INFO [ExpirationReaper-0-ElectLeader]: Stopped (kafka.server.DelayedOperationPurgatory$ExpiredOperationReaper)
[2022-04-26 21:37:08,454] INFO [ExpirationReaper-0-ElectLeader]: Shutdown completed (kafka.server.DelayedOperationPurgatory$ExpiredOperationReaper)
[2022-04-26 21:37:08,478] INFO [ReplicaManager broker=0] Shut down completely (kafka.server.ReplicaManager)
[2022-04-26 21:37:08,479] INFO [BrokerToControllerChannelManager broker=0 name=alterIsr]: Shutting down (kafka.server.BrokerToControllerRequestThread)
[2022-04-26 21:37:08,481] INFO [BrokerToControllerChannelManager broker=0 name=alterIsr]: Shutdown completed (kafka.server.BrokerToControllerRequestThread)
[2022-04-26 21:37:08,481] INFO [BrokerToControllerChannelManager broker=0 name=alterIsr]: Stopped (kafka.server.BrokerToControllerRequestThread)
[2022-04-26 21:37:08,486] INFO Broker to controller channel manager for alterIsr shutdown (kafka.server.BrokerToControllerChannelManagerImpl)
[2022-04-26 21:37:08,487] INFO [BrokerToControllerChannelManager broker=0 name=forwarding]: Shutting down (kafka.server.BrokerToControllerRequestThread)
[2022-04-26 21:37:08,488] INFO [BrokerToControllerChannelManager broker=0 name=forwarding]: Stopped (kafka.server.BrokerToControllerRequestThread)
[2022-04-26 21:37:08,488] INFO [BrokerToControllerChannelManager broker=0 name=forwarding]: Shutdown completed (kafka.server.BrokerToControllerRequestThread)
[2022-04-26 21:37:08,491] INFO Broker to controller channel manager for forwarding shutdown (kafka.server.BrokerToControllerChannelManagerImpl)
[2022-04-26 21:37:08,492] INFO Shutting down. (kafka.log.LogManager)
[2022-04-26 21:37:08,552] INFO [ProducerStateManager partition=design1-0] Wrote producer snapshot at offset 436 with 0 producer ids in 5 ms. (kafka.log.ProducerStateManager)
[2022-04-26 21:37:08,602] INFO [ProducerStateManager partition=__consumer_offsets-39] Wrote producer snapshot at offset 1375 with 0 producer ids in 3 ms. (kafka.log.ProducerStateManager)
[2022-04-26 21:37:08,611] INFO [ProducerStateManager partition=design1-1] Wrote producer snapshot at offset 407 with 0 producer ids in 1 ms. (kafka.log.ProducerStateManager)
[2022-04-26 21:37:08,618] INFO [ProducerStateManager partition=design1-2] Wrote producer snapshot at offset 393 with 0 producer ids in 1 ms. (kafka.log.ProducerStateManager)
[2022-04-26 21:37:08,681] INFO Shutdown complete. (kafka.log.LogManager)
[2022-04-26 21:37:08,718] INFO [feature-zk-node-event-process-thread]: Shutting down (kafka.server.FinalizedFeatureChangeListener$ChangeNotificationProcessorThread)
[2022-04-26 21:37:08,720] INFO [feature-zk-node-event-process-thread]: Shutdown completed (kafka.server.FinalizedFeatureChangeListener$ChangeNotificationProcessorThread)
[2022-04-26 21:37:08,720] INFO [feature-zk-node-event-process-thread]: Stopped (kafka.server.FinalizedFeatureChangeListener$ChangeNotificationProcessorThread)
[2022-04-26 21:37:08,723] INFO [ZooKeeperClient Kafka server] Closing. (kafka.zookeeper.ZooKeeperClient)
[2022-04-26 21:37:09,269] INFO Opening socket connection to server localhost/127.0.0.1:2181. (org.apache.zookeeper.ClientCnxn)
[2022-04-26 21:37:09,272] INFO SASL config status: Will not attempt to authenticate using SASL (unknown error) (org.apache.zookeeper.ClientCnxn)
[2022-04-26 21:37:10,287] WARN An exception was thrown while closing send thread for session 0x1006dba060a0000. (org.apache.zookeeper.ClientCnxn)
java.net.ConnectException: Connection refused
	at sun.nio.ch.SocketChannelImpl.checkConnect(Native Method)
	at sun.nio.ch.SocketChannelImpl.finishConnect(SocketChannelImpl.java:715)
	at org.apache.zookeeper.ClientCnxnSocketNIO.doTransport(ClientCnxnSocketNIO.java:344)
	at org.apache.zookeeper.ClientCnxn$SendThread.run(ClientCnxn.java:1290)
[2022-04-26 21:37:10,411] INFO Session: 0x1006dba060a0000 closed (org.apache.zookeeper.ZooKeeper)
[2022-04-26 21:37:10,411] INFO EventThread shut down for session: 0x1006dba060a0000 (org.apache.zookeeper.ClientCnxn)
[2022-04-26 21:37:10,417] INFO [ZooKeeperClient Kafka server] Closed. (kafka.zookeeper.ZooKeeperClient)
[2022-04-26 21:37:10,418] INFO [ThrottledChannelReaper-Fetch]: Shutting down (kafka.server.ClientQuotaManager$ThrottledChannelReaper)
[2022-04-26 21:37:11,057] INFO [ThrottledChannelReaper-Fetch]: Shutdown completed (kafka.server.ClientQuotaManager$ThrottledChannelReaper)
[2022-04-26 21:37:11,060] INFO [ThrottledChannelReaper-Fetch]: Stopped (kafka.server.ClientQuotaManager$ThrottledChannelReaper)
[2022-04-26 21:37:11,067] INFO [ThrottledChannelReaper-Produce]: Shutting down (kafka.server.ClientQuotaManager$ThrottledChannelReaper)
[2022-04-26 21:37:11,300] INFO [ThrottledChannelReaper-Produce]: Stopped (kafka.server.ClientQuotaManager$ThrottledChannelReaper)
[2022-04-26 21:37:11,300] INFO [ThrottledChannelReaper-Produce]: Shutdown completed (kafka.server.ClientQuotaManager$ThrottledChannelReaper)
[2022-04-26 21:37:11,301] INFO [ThrottledChannelReaper-Request]: Shutting down (kafka.server.ClientQuotaManager$ThrottledChannelReaper)
[2022-04-26 21:37:11,309] INFO [ThrottledChannelReaper-Request]: Stopped (kafka.server.ClientQuotaManager$ThrottledChannelReaper)
[2022-04-26 21:37:11,309] INFO [ThrottledChannelReaper-Request]: Shutdown completed (kafka.server.ClientQuotaManager$ThrottledChannelReaper)
[2022-04-26 21:37:11,319] INFO [ThrottledChannelReaper-ControllerMutation]: Shutting down (kafka.server.ClientQuotaManager$ThrottledChannelReaper)
[2022-04-26 21:37:12,117] INFO [ThrottledChannelReaper-ControllerMutation]: Stopped (kafka.server.ClientQuotaManager$ThrottledChannelReaper)
[2022-04-26 21:37:12,117] INFO [ThrottledChannelReaper-ControllerMutation]: Shutdown completed (kafka.server.ClientQuotaManager$ThrottledChannelReaper)
[2022-04-26 21:37:12,154] INFO [SocketServer listenerType=ZK_BROKER, nodeId=0] Shutting down socket server (kafka.network.SocketServer)
[2022-04-26 21:37:12,239] INFO [SocketServer listenerType=ZK_BROKER, nodeId=0] Shutdown completed (kafka.network.SocketServer)
[2022-04-26 21:37:12,244] INFO Metrics scheduler closed (org.apache.kafka.common.metrics.Metrics)
[2022-04-26 21:37:12,245] INFO Closing reporter org.apache.kafka.common.metrics.JmxReporter (org.apache.kafka.common.metrics.Metrics)
[2022-04-26 21:37:12,246] INFO Metrics reporters closed (org.apache.kafka.common.metrics.Metrics)
[2022-04-26 21:37:12,263] INFO Broker and topic stats closed (kafka.server.BrokerTopicStats)
[2022-04-26 21:37:12,290] INFO App info kafka.server for 0 unregistered (org.apache.kafka.common.utils.AppInfoParser)
[2022-04-26 21:37:12,305] INFO [KafkaServer id=0] shut down completed (kafka.server.KafkaServer)
